<?xml version="1.0" encoding="UTF-8"?>
<testsuite name="ru.stqa.pft.sandbox.SquareTests" tests="1" skipped="0" failures="0" errors="0" timestamp="2019-10-17T22:52:49" hostname="DESKTOP-91M949N" time="0.005">
  <properties/>
  <testcase name="testArea" classname="ru.stqa.pft.sandbox.SquareTests" time="0.005"/>
  <system-out><![CDATA[]]></system-out>
  <system-err><![CDATA[]]></system-err>
</testsuite>
