<?xml version="1.0" encoding="UTF-8"?>
<testsuite name="ru.stqa.pft.addressbook.test.GroupCreationTests" tests="1" skipped="0" failures="0" errors="0" timestamp="2019-10-24T21:22:05" hostname="DESKTOP-91M949N" time="1.882">
  <properties/>
  <testcase name="testGroupCreation" classname="ru.stqa.pft.addressbook.test.GroupCreationTests" time="1.882"/>
  <system-out><![CDATA[]]></system-out>
  <system-err><![CDATA[1571952120957	mozrunner::runner	INFO	Running command: "C:\\Program Files\\Mozilla Firefox\\firefox.exe" "-marionette" "-foreground" "-no-remote" "-profile" "C:\\Users\\afkas\\AppData\\Local\\Temp\\rust_mozprofileKj3gvd"
1571952121494	addons.webextension.screenshots@mozilla.org	WARN	Loading extension 'screenshots@mozilla.org': Reading manifest: Invalid extension permission: mozillaAddons
1571952121494	addons.webextension.screenshots@mozilla.org	WARN	Loading extension 'screenshots@mozilla.org': Reading manifest: Invalid extension permission: telemetry
1571952121494	addons.webextension.screenshots@mozilla.org	WARN	Loading extension 'screenshots@mozilla.org': Reading manifest: Invalid extension permission: resource://pdf.js/
1571952121494	addons.webextension.screenshots@mozilla.org	WARN	Loading extension 'screenshots@mozilla.org': Reading manifest: Invalid extension permission: about:reader*
JavaScript error: resource://gre/modules/XULStore.jsm, line 66: Error: Can't find profile directory.
1571952124061	Marionette	INFO	Listening on port 52543
1571952124224	Marionette	WARN	TLS certificate errors will be ignored for this session
окт. 25, 2019 12:22:04 AM org.openqa.selenium.remote.ProtocolHandshake createSession
INFO: Detected dialect: W3C
]]></system-err>
</testsuite>
