<?xml version="1.0" encoding="UTF-8"?>
<testsuite name="ru.stqa.pft.addressbook.GroupCreationTests" tests="1" skipped="0" failures="0" errors="0" timestamp="2019-10-20T16:12:10" hostname="DESKTOP-91M949N" time="1.658">
  <properties/>
  <testcase name="testGroupCreation" classname="ru.stqa.pft.addressbook.GroupCreationTests" time="1.658"/>
  <system-out><![CDATA[]]></system-out>
  <system-err><![CDATA[1571587927052	mozrunner::runner	INFO	Running command: "C:\\Program Files\\Mozilla Firefox\\firefox.exe" "-marionette" "-foreground" "-no-remote" "-profile" "C:\\Users\\spb-a\\AppData\\Local\\Temp\\rust_mozprofilei05H6U"
1571587927697	addons.webextension.screenshots@mozilla.org	WARN	Loading extension 'screenshots@mozilla.org': Reading manifest: Invalid extension permission: mozillaAddons
1571587927697	addons.webextension.screenshots@mozilla.org	WARN	Loading extension 'screenshots@mozilla.org': Reading manifest: Invalid extension permission: telemetry
1571587927697	addons.webextension.screenshots@mozilla.org	WARN	Loading extension 'screenshots@mozilla.org': Reading manifest: Invalid extension permission: resource://pdf.js/
1571587927697	addons.webextension.screenshots@mozilla.org	WARN	Loading extension 'screenshots@mozilla.org': Reading manifest: Invalid extension permission: about:reader*
JavaScript error: resource://gre/modules/XULStore.jsm, line 66: Error: Can't find profile directory.
1571587929735	Marionette	INFO	Listening on port 52365
1571587929763	Marionette	WARN	TLS certificate errors will be ignored for this session
окт. 20, 2019 7:12:09 PM org.openqa.selenium.remote.ProtocolHandshake createSession
INFO: Detected dialect: W3C
]]></system-err>
</testsuite>
