<?xml version="1.0" encoding="UTF-8"?>
<testsuite name="ru.stqa.pft.addressbook.GroupCreationTests" tests="1" skipped="0" failures="0" errors="0" timestamp="2019-10-20T15:44:40" hostname="DESKTOP-91M949N" time="2.335">
  <properties/>
  <testcase name="groupCreationTests" classname="ru.stqa.pft.addressbook.GroupCreationTests" time="2.335"/>
  <system-out><![CDATA[]]></system-out>
  <system-err><![CDATA[1571586277276	mozrunner::runner	INFO	Running command: "C:\\Program Files\\Mozilla Firefox\\firefox.exe" "-marionette" "-foreground" "-no-remote" "-profile" "C:\\Users\\spb-a\\AppData\\Local\\Temp\\rust_mozprofileOTmmsN"
1571586277785	addons.webextension.screenshots@mozilla.org	WARN	Loading extension 'screenshots@mozilla.org': Reading manifest: Invalid extension permission: mozillaAddons
1571586277785	addons.webextension.screenshots@mozilla.org	WARN	Loading extension 'screenshots@mozilla.org': Reading manifest: Invalid extension permission: telemetry
1571586277785	addons.webextension.screenshots@mozilla.org	WARN	Loading extension 'screenshots@mozilla.org': Reading manifest: Invalid extension permission: resource://pdf.js/
1571586277785	addons.webextension.screenshots@mozilla.org	WARN	Loading extension 'screenshots@mozilla.org': Reading manifest: Invalid extension permission: about:reader*
JavaScript error: resource://gre/modules/XULStore.jsm, line 66: Error: Can't find profile directory.
1571586280478	Marionette	INFO	Listening on port 51638
1571586280532	Marionette	WARN	TLS certificate errors will be ignored for this session
окт. 20, 2019 6:44:40 PM org.openqa.selenium.remote.ProtocolHandshake createSession
INFO: Detected dialect: W3C
]]></system-err>
</testsuite>
