<?xml version="1.0" encoding="UTF-8"?>
<testsuite name="ru.stqa.pft.addressbook.test.GroupDeletionTests" tests="1" skipped="0" failures="0" errors="0" timestamp="2019-10-21T18:01:39" hostname="DESKTOP-91M949N" time="1.086">
  <properties/>
  <testcase name="testGroupDeletion" classname="ru.stqa.pft.addressbook.test.GroupDeletionTests" time="1.086"/>
  <system-out><![CDATA[]]></system-out>
  <system-err><![CDATA[1571680895043	mozrunner::runner	INFO	Running command: "C:\\Program Files\\Mozilla Firefox\\firefox.exe" "-marionette" "-foreground" "-no-remote" "-profile" "C:\\Users\\spb-a\\AppData\\Local\\Temp\\rust_mozprofileZhpF9t"
1571680895612	addons.webextension.screenshots@mozilla.org	WARN	Loading extension 'screenshots@mozilla.org': Reading manifest: Invalid extension permission: mozillaAddons
1571680895612	addons.webextension.screenshots@mozilla.org	WARN	Loading extension 'screenshots@mozilla.org': Reading manifest: Invalid extension permission: telemetry
1571680895612	addons.webextension.screenshots@mozilla.org	WARN	Loading extension 'screenshots@mozilla.org': Reading manifest: Invalid extension permission: resource://pdf.js/
1571680895612	addons.webextension.screenshots@mozilla.org	WARN	Loading extension 'screenshots@mozilla.org': Reading manifest: Invalid extension permission: about:reader*
JavaScript error: resource://gre/modules/XULStore.jsm, line 66: Error: Can't find profile directory.
1571680897869	Marionette	INFO	Listening on port 57905
1571680898272	Marionette	WARN	TLS certificate errors will be ignored for this session
окт. 21, 2019 9:01:38 PM org.openqa.selenium.remote.ProtocolHandshake createSession
INFO: Detected dialect: W3C
]]></system-err>
</testsuite>
