<?xml version="1.0" encoding="UTF-8"?>
<testsuite name="ru.stqa.pft.addressbook.test.GroupDeletionTests" tests="1" skipped="0" failures="0" errors="0" timestamp="2019-10-24T23:01:39" hostname="DESKTOP-91M949N" time="0.776">
  <properties/>
  <testcase name="testGroupDeletion" classname="ru.stqa.pft.addressbook.test.GroupDeletionTests" time="0.776"/>
  <system-out><![CDATA[]]></system-out>
  <system-err><![CDATA[1571958094970	mozrunner::runner	INFO	Running command: "C:\\Program Files\\Mozilla Firefox\\firefox.exe" "-marionette" "-foreground" "-no-remote" "-profile" "C:\\Users\\afkas\\AppData\\Local\\Temp\\rust_mozprofile59k0i4"
1571958095582	addons.webextension.screenshots@mozilla.org	WARN	Loading extension 'screenshots@mozilla.org': Reading manifest: Invalid extension permission: mozillaAddons
1571958095582	addons.webextension.screenshots@mozilla.org	WARN	Loading extension 'screenshots@mozilla.org': Reading manifest: Invalid extension permission: telemetry
1571958095582	addons.webextension.screenshots@mozilla.org	WARN	Loading extension 'screenshots@mozilla.org': Reading manifest: Invalid extension permission: resource://pdf.js/
1571958095583	addons.webextension.screenshots@mozilla.org	WARN	Loading extension 'screenshots@mozilla.org': Reading manifest: Invalid extension permission: about:reader*
JavaScript error: resource://gre/modules/XULStore.jsm, line 66: Error: Can't find profile directory.
1571958097892	Marionette	INFO	Listening on port 55327
1571958098270	Marionette	WARN	TLS certificate errors will be ignored for this session
окт. 25, 2019 2:01:38 AM org.openqa.selenium.remote.ProtocolHandshake createSession
INFO: Detected dialect: W3C
]]></system-err>
</testsuite>
