<?xml version="1.0" encoding="UTF-8"?>
<testsuite name="ru.stqa.pft.addressbook.test.GroupModificationTests" tests="1" skipped="0" failures="0" errors="0" timestamp="2019-10-24T22:24:51" hostname="DESKTOP-91M949N" time="1.645">
  <properties/>
  <testcase name="groupModification" classname="ru.stqa.pft.addressbook.test.GroupModificationTests" time="1.645"/>
  <system-out><![CDATA[]]></system-out>
  <system-err><![CDATA[1571955887216	mozrunner::runner	INFO	Running command: "C:\\Program Files\\Mozilla Firefox\\firefox.exe" "-marionette" "-foreground" "-no-remote" "-profile" "C:\\Users\\afkas\\AppData\\Local\\Temp\\rust_mozprofileqU4IqO"
1571955887820	addons.webextension.screenshots@mozilla.org	WARN	Loading extension 'screenshots@mozilla.org': Reading manifest: Invalid extension permission: mozillaAddons
1571955887820	addons.webextension.screenshots@mozilla.org	WARN	Loading extension 'screenshots@mozilla.org': Reading manifest: Invalid extension permission: telemetry
1571955887820	addons.webextension.screenshots@mozilla.org	WARN	Loading extension 'screenshots@mozilla.org': Reading manifest: Invalid extension permission: resource://pdf.js/
1571955887820	addons.webextension.screenshots@mozilla.org	WARN	Loading extension 'screenshots@mozilla.org': Reading manifest: Invalid extension permission: about:reader*
JavaScript error: resource://gre/modules/XULStore.jsm, line 66: Error: Can't find profile directory.
1571955890344	Marionette	INFO	Listening on port 53542
1571955890518	Marionette	WARN	TLS certificate errors will be ignored for this session
окт. 25, 2019 1:24:50 AM org.openqa.selenium.remote.ProtocolHandshake createSession
INFO: Detected dialect: W3C
]]></system-err>
</testsuite>
