<?xml version="1.0" encoding="UTF-8"?>
<testsuite name="ru.stqa.pft.addressbook.test.GroupModificationTests" tests="1" skipped="0" failures="0" errors="0" timestamp="2019-10-24T22:04:19" hostname="DESKTOP-91M949N" time="1.64">
  <properties/>
  <testcase name="groupModification" classname="ru.stqa.pft.addressbook.test.GroupModificationTests" time="1.64"/>
  <system-out><![CDATA[]]></system-out>
  <system-err><![CDATA[1571954654742	mozrunner::runner	INFO	Running command: "C:\\Program Files\\Mozilla Firefox\\firefox.exe" "-marionette" "-foreground" "-no-remote" "-profile" "C:\\Users\\afkas\\AppData\\Local\\Temp\\rust_mozprofilelUAGj8"
1571954655374	addons.webextension.screenshots@mozilla.org	WARN	Loading extension 'screenshots@mozilla.org': Reading manifest: Invalid extension permission: mozillaAddons
1571954655374	addons.webextension.screenshots@mozilla.org	WARN	Loading extension 'screenshots@mozilla.org': Reading manifest: Invalid extension permission: telemetry
1571954655374	addons.webextension.screenshots@mozilla.org	WARN	Loading extension 'screenshots@mozilla.org': Reading manifest: Invalid extension permission: resource://pdf.js/
1571954655374	addons.webextension.screenshots@mozilla.org	WARN	Loading extension 'screenshots@mozilla.org': Reading manifest: Invalid extension permission: about:reader*
JavaScript error: resource://gre/modules/XULStore.jsm, line 66: Error: Can't find profile directory.
[Parent 11340, Gecko_IOThread] WARNING: pipe error: 109: file z:/task_1571244707/build/src/ipc/chromium/src/chrome/common/ipc_channel_win.cc, line 341
1571954657900	Marionette	INFO	Listening on port 53230
1571954658077	Marionette	WARN	TLS certificate errors will be ignored for this session
окт. 25, 2019 1:04:18 AM org.openqa.selenium.remote.ProtocolHandshake createSession
INFO: Detected dialect: W3C
]]></system-err>
</testsuite>
